[35m[Appium][39m Welcome to Appium v2.5.1
[35m[Appium][39m Non-default server args:
[35m[Appium][39m { basePath: [32m'/wd/hub'[39m, loglevel: [32m'info'[39m, port: [33m62567[39m }
[35m[Appium][39m Attempting to load driver uiautomator2...
[35m[Appium][39m Appium REST http interface listener started on http://0.0.0.0:62567/wd/hub
[35m[Appium][39m You can provide the following URLs in your client code to connect to this server:
[35m[Appium][39m 	http://192.168.100.3:62567/wd/hub
[35m[Appium][39m 	http://127.0.0.1:62567/wd/hub (only accessible from the same host)
[35m[Appium][39m Available drivers:
[35m[Appium][39m   - uiautomator2@3.0.0 (automationName 'UiAutomator2')
[35m[Appium][39m No plugins have been installed. Use the "appium plugin" command to install the one(s) you want to use.
[38;5;0m[HTTP][0m [37m-->[39m [37mGET[39m [37m/wd/hub/status[39m
[38;5;0m[HTTP][0m [90m{}[39m
[38;5;0m[HTTP][0m [37m<-- GET /wd/hub/status [39m[32m200[39m [90m4 ms - 110[39m
[38;5;0m[HTTP][0m [90m[39m
[38;5;0m[HTTP][0m [37m-->[39m [37mGET[39m [37m/wd/hub/status[39m
[38;5;0m[HTTP][0m [90m{}[39m
[38;5;0m[HTTP][0m [37m<-- GET /wd/hub/status [39m[32m200[39m [90m1 ms - 110[39m
[38;5;0m[HTTP][0m [90m[39m
[38;5;0m[HTTP][0m [37m-->[39m [37mPOST[39m [37m/wd/hub/session[39m
[38;5;0m[HTTP][0m [90m{"desiredCapabilities":{"appium:systemPort":8248,"appium:udid":"RRCT400E78T","appium:autoGrantPermissions":true,"appium:newCommandTimeout":1800,"appium:platformName":"ANDROID","appium:appActivity":".Settings","appium:deviceName":"samsung SM-A528B (Android 14)","platformName":"Android","appium:automationName":"uiautomator2","appium:platformVersion":"14","appium:appPackage":"com.android.settings"},"capabilities":{"firstMatch":[{"appium:appActivity":".Settings","appium:appPackage":"com.android.settings","appium:autoGrantPermissions":true,"appium:automationName":"uiautomator2","appium:deviceName":"samsung SM-A528B (Android 14)","appium:newCommandTimeout":1800,"appium:platformName":"ANDROID","appium:platformVersion":"14","appium:systemPort":8248,"appium:udid":"RRCT400E78T","platformName":"android"}]}}[39m
[38;5;32m[BaseDriver][0m Ignoring capability 'appium:platformName=ANDROID' and using capability 'platformName=android'
[38;5;32m[BaseDriver][0m The capabilities ["platformName"] are standard capabilities and do not require "appium:" prefix
[35m[Appium][39m Attempting to find matching driver for automationName 'uiautomator2' and platformName 'android'
[35m[Appium][39m The 'uiautomator2' driver was installed and matched caps.
[35m[Appium][39m Will require it at C:\Users\anant\.appium\node_modules\appium-uiautomator2-driver
[38;5;16m[AppiumDriver@4df5][0m Appium v2.5.1 creating new AndroidUiautomator2Driver (v3.0.0) session
[38;5;16m[AppiumDriver@4df5][0m Checking BaseDriver versions for Appium and AndroidUiautomator2Driver
[38;5;16m[AppiumDriver@4df5][0m Appium's BaseDriver version is 9.5.2
[38;5;16m[AppiumDriver@4df5][0m AndroidUiautomator2Driver's BaseDriver version is 9.5.2
[38;5;48m[AndroidUiautomator2Driver@d350 (8b84da37)][0m Session created with session id: 8b84da37-68d2-4fc0-8c48-71f7689078c7
[38;5;64m[ADB][0m Found 1 'build-tools' folders under 'C:\Users\anant\.katalon\tools\android_sdk' (newest first):
[38;5;64m[ADB][0m     C:\Users\anant\.katalon\tools\android_sdk\build-tools\29.0.3
[38;5;64m[ADB][0m Using 'adb.exe' from 'C:\Users\anant\.katalon\tools\android_sdk\platform-tools\adb.exe'
[38;5;48m[AndroidUiautomator2Driver@d350 (8b84da37)][0m Retrieving device list
[38;5;48m[AndroidUiautomator2Driver@d350 (8b84da37)][0m Using device: RRCT400E78T
[38;5;64m[ADB][0m Using 'adb.exe' from 'C:\Users\anant\.katalon\tools\android_sdk\platform-tools\adb.exe'
[38;5;48m[AndroidUiautomator2Driver@d350 (8b84da37)][0m Starting 'com.android.settings' directly on the device
[38;5;64m[ADB][0m Getting device platform version
[38;5;48m[AndroidUiautomator2Driver@d350 (8b84da37)][0m Relaxing hidden api policy
[38;5;48m[AndroidUiautomator2Driver@d350 (8b84da37)][0m No app sent in, not parsing package/activity
[38;5;64m[ADB][0m Using 'apksigner.jar' from 'C:\Users\anant\.katalon\tools\android_sdk\build-tools\29.0.3\lib\apksigner.jar'
[38;5;64m[ADB][0m 'C:\Users\anant\.appium\node_modules\appium-uiautomator2-driver\node_modules\appium-uiautomator2-server\apks\appium-uiautomator2-server-debug-androidTest.apk' is signed with the default certificate
[38;5;64m[ADB][0m 'C:\Users\anant\.appium\node_modules\appium-uiautomator2-driver\node_modules\appium-uiautomator2-server\apks\appium-uiautomator2-server-v7.0.0.apk' is signed with the default certificate
[38;5;48m[AndroidUiautomator2Driver@d350 (8b84da37)][0m Server packages are not going to be (re)installed
[38;5;64m[ADB][0m Adding packages ["io.appium.settings","io.appium.uiautomator2.server","io.appium.uiautomator2.server.test"] to Doze whitelist
[38;5;48m[AndroidUiautomator2Driver@d350 (8b84da37)][0m Starting UIAutomator2 server 7.0.0
[38;5;48m[AndroidUiautomator2Driver@d350 (8b84da37)][0m Using UIAutomator2 server from 'C:\Users\anant\.appium\node_modules\appium-uiautomator2-driver\node_modules\appium-uiautomator2-server\apks\appium-uiautomator2-server-v7.0.0.apk' and test from 'C:\Users\anant\.appium\node_modules\appium-uiautomator2-driver\node_modules\appium-uiautomator2-server\apks\appium-uiautomator2-server-debug-androidTest.apk'
[38;5;48m[AndroidUiautomator2Driver@d350 (8b84da37)][0m Waiting up to 30000ms for UiAutomator2 to be online...
[38;5;48m[AndroidUiautomator2Driver@d350 (8b84da37)][0m socket hang up
[38;5;48m[AndroidUiautomator2Driver@d350 (8b84da37)][0m socket hang up
[38;5;48m[AndroidUiautomator2Driver@d350 (8b84da37)][0m socket hang up
[38;5;48m[AndroidUiautomator2Driver@d350 (8b84da37)][0m Determined the downstream protocol as 'W3C'
[38;5;48m[AndroidUiautomator2Driver@d350 (8b84da37)][0m Screen already unlocked, doing nothing
[38;5;48m[AndroidUiautomator2Driver@d350 (8b84da37)][0m Starting 'com.android.settings/.Settings and waiting for 'com.android.settings/.Settings'
[38;5;16m[AppiumDriver@4df5][0m New AndroidUiautomator2Driver session created successfully, session 8b84da37-68d2-4fc0-8c48-71f7689078c7 added to master session list
[38;5;0m[HTTP][0m [37m<-- POST /wd/hub/session [39m[32m200[39m [90m8015 ms - 1088[39m
[38;5;0m[HTTP][0m [90m[39m
[38;5;0m[HTTP][0m [37m-->[39m [37mGET[39m [37m/wd/hub/session/8b84da37-68d2-4fc0-8c48-71f7689078c7[39m
[38;5;0m[HTTP][0m [90m{}[39m
[38;5;0m[HTTP][0m [37m<-- GET /wd/hub/session/8b84da37-68d2-4fc0-8c48-71f7689078c7 [39m[32m200[39m [90m10 ms - 312[39m
[38;5;0m[HTTP][0m [90m[39m
[38;5;0m[HTTP][0m [37m-->[39m [37mGET[39m [37m/wd/hub/session/8b84da37-68d2-4fc0-8c48-71f7689078c7[39m
[38;5;0m[HTTP][0m [90m{}[39m
[38;5;0m[HTTP][0m [37m<-- GET /wd/hub/session/8b84da37-68d2-4fc0-8c48-71f7689078c7 [39m[32m200[39m [90m10 ms - 312[39m
[38;5;0m[HTTP][0m [90m[39m
[38;5;0m[HTTP][0m [37m-->[39m [37mGET[39m [37m/wd/hub/status[39m
[38;5;0m[HTTP][0m [90m{}[39m
[38;5;0m[HTTP][0m [37m<-- GET /wd/hub/status [39m[32m200[39m [90m1 ms - 110[39m
[38;5;0m[HTTP][0m [90m[39m
[38;5;0m[HTTP][0m [37m-->[39m [37mPOST[39m [37m/wd/hub/session/8b84da37-68d2-4fc0-8c48-71f7689078c7/timeouts[39m
[38;5;0m[HTTP][0m [90m{"implicit":60000}[39m
[38;5;0m[HTTP][0m [37m<-- POST /wd/hub/session/8b84da37-68d2-4fc0-8c48-71f7689078c7/timeouts [39m[32m200[39m [90m3 ms - 14[39m
[38;5;0m[HTTP][0m [90m[39m
[38;5;0m[HTTP][0m [37m-->[39m [37mGET[39m [37m/wd/hub/session/8b84da37-68d2-4fc0-8c48-71f7689078c7/appium/device/system_bars[39m
[38;5;0m[HTTP][0m [90m{}[39m
[38;5;0m[HTTP][0m [37m<-- GET /wd/hub/session/8b84da37-68d2-4fc0-8c48-71f7689078c7/appium/device/system_bars [39m[32m200[39m [90m97 ms - 151[39m
[38;5;0m[HTTP][0m [90m[39m
[38;5;0m[HTTP][0m [37m-->[39m [37mPOST[39m [37m/wd/hub/session/8b84da37-68d2-4fc0-8c48-71f7689078c7/appium/device/activate_app[39m
[38;5;0m[HTTP][0m [90m{"bundleId":"io.appium.android.apis"}[39m
[38;5;0m[HTTP][0m [37m<-- POST /wd/hub/session/8b84da37-68d2-4fc0-8c48-71f7689078c7/appium/device/activate_app [39m[32m200[39m [90m174 ms - 14[39m
[38;5;0m[HTTP][0m [90m[39m
[38;5;0m[HTTP][0m [37m-->[39m [37mGET[39m [37m/wd/hub/session/8b84da37-68d2-4fc0-8c48-71f7689078c7/source[39m
[38;5;0m[HTTP][0m [90m{}[39m
[38;5;48m[AndroidUiautomator2Driver@d350 (8b84da37)][0m Driver proxy active, passing request on via HTTP proxy
[38;5;48m[AndroidUiautomator2Driver@d350 (8b84da37)][0m Replacing sessionId c8fd2b36-58cd-4115-b6f3-fcaaddbd803e with 8b84da37-68d2-4fc0-8c48-71f7689078c7
[38;5;0m[HTTP][0m [37m<-- GET /wd/hub/session/8b84da37-68d2-4fc0-8c48-71f7689078c7/source [39m[32m200[39m [90m1111 ms - 8987[39m
[38;5;0m[HTTP][0m [90m[39m
[38;5;0m[HTTP][0m [37m-->[39m [37mGET[39m [37m/wd/hub/session/8b84da37-68d2-4fc0-8c48-71f7689078c7/screenshot[39m
[38;5;0m[HTTP][0m [90m{}[39m
[38;5;0m[HTTP][0m [37m<-- GET /wd/hub/session/8b84da37-68d2-4fc0-8c48-71f7689078c7/screenshot [39m[32m200[39m [90m464 ms - 123272[39m
[38;5;0m[HTTP][0m [90m[39m
[38;5;0m[HTTP][0m [37m-->[39m [37mPOST[39m [37m/wd/hub/session/8b84da37-68d2-4fc0-8c48-71f7689078c7/elements[39m
[38;5;0m[HTTP][0m [90m{"using":"xpath","value":"//*[@class = 'android.widget.TextView' and (@text = 'OS' or . = 'OS') and @resource-id = 'android:id/text1']"}[39m
[38;5;0m[HTTP][0m [37m<-- POST /wd/hub/session/8b84da37-68d2-4fc0-8c48-71f7689078c7/elements [39m[32m200[39m [90m857 ms - 139[39m
[38;5;0m[HTTP][0m [90m[39m
[38;5;0m[HTTP][0m [37m-->[39m [37mGET[39m [37m/wd/hub/session/8b84da37-68d2-4fc0-8c48-71f7689078c7/window/rect[39m
[38;5;0m[HTTP][0m [90m{}[39m
[38;5;0m[HTTP][0m [37m<-- GET /wd/hub/session/8b84da37-68d2-4fc0-8c48-71f7689078c7/window/rect [39m[32m200[39m [90m13 ms - 50[39m
[38;5;0m[HTTP][0m [90m[39m
[38;5;0m[HTTP][0m [37m-->[39m [37mPOST[39m [37m/wd/hub/session/8b84da37-68d2-4fc0-8c48-71f7689078c7/elements[39m
[38;5;0m[HTTP][0m [90m{"using":"xpath","value":"//*[@class = 'android.widget.TextView' and (@text = 'OS' or . = 'OS') and @resource-id = 'android:id/text1']"}[39m
[38;5;0m[HTTP][0m [37m<-- POST /wd/hub/session/8b84da37-68d2-4fc0-8c48-71f7689078c7/elements [39m[32m200[39m [90m216 ms - 139[39m
[38;5;0m[HTTP][0m [90m[39m
[38;5;0m[HTTP][0m [37m-->[39m [37mGET[39m [37m/wd/hub/session/8b84da37-68d2-4fc0-8c48-71f7689078c7/element/00000000-0000-59cf-ffff-ffff00000011/location[39m
[38;5;0m[HTTP][0m [90m{}[39m
[38;5;48m[AndroidUiautomator2Driver@d350 (8b84da37)][0m Driver proxy active, passing request on via HTTP proxy
[38;5;48m[AndroidUiautomator2Driver@d350 (8b84da37)][0m Replacing sessionId c8fd2b36-58cd-4115-b6f3-fcaaddbd803e with 8b84da37-68d2-4fc0-8c48-71f7689078c7
[38;5;0m[HTTP][0m [37m<-- GET /wd/hub/session/8b84da37-68d2-4fc0-8c48-71f7689078c7/element/00000000-0000-59cf-ffff-ffff00000011/location [39m[32m200[39m [90m44 ms - 77[39m
[38;5;0m[HTTP][0m [90m[39m
[38;5;0m[HTTP][0m [37m-->[39m [37mPOST[39m [37m/wd/hub/session/8b84da37-68d2-4fc0-8c48-71f7689078c7/element/00000000-0000-59cf-ffff-ffff00000011/click[39m
[38;5;0m[HTTP][0m [90m{"id":"00000000-0000-59cf-ffff-ffff00000011"}[39m
[38;5;0m[HTTP][0m [37m<-- POST /wd/hub/session/8b84da37-68d2-4fc0-8c48-71f7689078c7/element/00000000-0000-59cf-ffff-ffff00000011/click [39m[32m200[39m [90m1346 ms - 14[39m
[38;5;0m[HTTP][0m [90m[39m
[38;5;0m[HTTP][0m [37m-->[39m [37mGET[39m [37m/wd/hub/session/8b84da37-68d2-4fc0-8c48-71f7689078c7/source[39m
[38;5;0m[HTTP][0m [90m{}[39m
[38;5;48m[AndroidUiautomator2Driver@d350 (8b84da37)][0m Driver proxy active, passing request on via HTTP proxy
[38;5;48m[AndroidUiautomator2Driver@d350 (8b84da37)][0m Replacing sessionId c8fd2b36-58cd-4115-b6f3-fcaaddbd803e with 8b84da37-68d2-4fc0-8c48-71f7689078c7
[38;5;0m[HTTP][0m [37m<-- GET /wd/hub/session/8b84da37-68d2-4fc0-8c48-71f7689078c7/source [39m[32m200[39m [90m99 ms - 5481[39m
[38;5;0m[HTTP][0m [90m[39m
[38;5;0m[HTTP][0m [37m-->[39m [37mGET[39m [37m/wd/hub/session/8b84da37-68d2-4fc0-8c48-71f7689078c7/screenshot[39m
[38;5;0m[HTTP][0m [90m{}[39m
[38;5;0m[HTTP][0m [37m<-- GET /wd/hub/session/8b84da37-68d2-4fc0-8c48-71f7689078c7/screenshot [39m[32m200[39m [90m412 ms - 88316[39m
[38;5;0m[HTTP][0m [90m[39m
[38;5;0m[HTTP][0m [37m-->[39m [37mPOST[39m [37m/wd/hub/session/8b84da37-68d2-4fc0-8c48-71f7689078c7/elements[39m
[38;5;0m[HTTP][0m [90m{"using":"xpath","value":"//*[@class = 'android.widget.TextView' and (@text = 'SMS Messaging' or . = 'SMS Messaging') and @resource-id = 'android:id/text1']"}[39m
[38;5;0m[HTTP][0m [37m<-- POST /wd/hub/session/8b84da37-68d2-4fc0-8c48-71f7689078c7/elements [39m[32m200[39m [90m106 ms - 139[39m
[38;5;0m[HTTP][0m [90m[39m
[38;5;0m[HTTP][0m [37m-->[39m [37mGET[39m [37m/wd/hub/session/8b84da37-68d2-4fc0-8c48-71f7689078c7/window/rect[39m
[38;5;0m[HTTP][0m [90m{}[39m
[38;5;0m[HTTP][0m [37m<-- GET /wd/hub/session/8b84da37-68d2-4fc0-8c48-71f7689078c7/window/rect [39m[32m200[39m [90m11 ms - 50[39m
[38;5;0m[HTTP][0m [90m[39m
[38;5;0m[HTTP][0m [37m-->[39m [37mPOST[39m [37m/wd/hub/session/8b84da37-68d2-4fc0-8c48-71f7689078c7/elements[39m
[38;5;0m[HTTP][0m [90m{"using":"xpath","value":"//*[@class = 'android.widget.TextView' and (@text = 'SMS Messaging' or . = 'SMS Messaging') and @resource-id = 'android:id/text1']"}[39m
[38;5;0m[HTTP][0m [37m<-- POST /wd/hub/session/8b84da37-68d2-4fc0-8c48-71f7689078c7/elements [39m[32m200[39m [90m117 ms - 139[39m
[38;5;0m[HTTP][0m [90m[39m
[38;5;0m[HTTP][0m [37m-->[39m [37mGET[39m [37m/wd/hub/session/8b84da37-68d2-4fc0-8c48-71f7689078c7/element/00000000-0000-59dd-ffff-ffff00000072/location[39m
[38;5;0m[HTTP][0m [90m{}[39m
[38;5;48m[AndroidUiautomator2Driver@d350 (8b84da37)][0m Driver proxy active, passing request on via HTTP proxy
[38;5;48m[AndroidUiautomator2Driver@d350 (8b84da37)][0m Replacing sessionId c8fd2b36-58cd-4115-b6f3-fcaaddbd803e with 8b84da37-68d2-4fc0-8c48-71f7689078c7
[38;5;0m[HTTP][0m [37m<-- GET /wd/hub/session/8b84da37-68d2-4fc0-8c48-71f7689078c7/element/00000000-0000-59dd-ffff-ffff00000072/location [39m[32m200[39m [90m22 ms - 76[39m
[38;5;0m[HTTP][0m [90m[39m
[38;5;0m[HTTP][0m [37m-->[39m [37mPOST[39m [37m/wd/hub/session/8b84da37-68d2-4fc0-8c48-71f7689078c7/element/00000000-0000-59dd-ffff-ffff00000072/click[39m
[38;5;0m[HTTP][0m [90m{"id":"00000000-0000-59dd-ffff-ffff00000072"}[39m
[38;5;0m[HTTP][0m [37m<-- POST /wd/hub/session/8b84da37-68d2-4fc0-8c48-71f7689078c7/element/00000000-0000-59dd-ffff-ffff00000072/click [39m[32m200[39m [90m76 ms - 14[39m
[38;5;0m[HTTP][0m [90m[39m
[38;5;0m[HTTP][0m [37m-->[39m [37mGET[39m [37m/wd/hub/session/8b84da37-68d2-4fc0-8c48-71f7689078c7/source[39m
[38;5;0m[HTTP][0m [90m{}[39m
[38;5;48m[AndroidUiautomator2Driver@d350 (8b84da37)][0m Driver proxy active, passing request on via HTTP proxy
[38;5;48m[AndroidUiautomator2Driver@d350 (8b84da37)][0m Replacing sessionId c8fd2b36-58cd-4115-b6f3-fcaaddbd803e with 8b84da37-68d2-4fc0-8c48-71f7689078c7
[38;5;0m[HTTP][0m [37m<-- GET /wd/hub/session/8b84da37-68d2-4fc0-8c48-71f7689078c7/source [39m[32m200[39m [90m814 ms - 10073[39m
[38;5;0m[HTTP][0m [90m[39m
[38;5;0m[HTTP][0m [37m-->[39m [37mGET[39m [37m/wd/hub/session/8b84da37-68d2-4fc0-8c48-71f7689078c7/screenshot[39m
[38;5;0m[HTTP][0m [90m{}[39m
[38;5;0m[HTTP][0m [37m<-- GET /wd/hub/session/8b84da37-68d2-4fc0-8c48-71f7689078c7/screenshot [39m[32m200[39m [90m423 ms - 143704[39m
[38;5;0m[HTTP][0m [90m[39m
[38;5;0m[HTTP][0m [37m-->[39m [37mPOST[39m [37m/wd/hub/session/8b84da37-68d2-4fc0-8c48-71f7689078c7/elements[39m
[38;5;0m[HTTP][0m [90m{"using":"xpath","value":"//*[@class = 'android.widget.CheckBox' and (@text = 'Enable SMS broadcast receiver' or . = 'Enable SMS broadcast receiver') and @resource-id = 'io.appium.android.apis:id/sms_enable_receiver']"}[39m
[38;5;0m[HTTP][0m [37m<-- POST /wd/hub/session/8b84da37-68d2-4fc0-8c48-71f7689078c7/elements [39m[32m200[39m [90m207 ms - 139[39m
[38;5;0m[HTTP][0m [90m[39m
[38;5;0m[HTTP][0m [37m-->[39m [37mGET[39m [37m/wd/hub/session/8b84da37-68d2-4fc0-8c48-71f7689078c7/window/rect[39m
[38;5;0m[HTTP][0m [90m{}[39m
[38;5;0m[HTTP][0m [37m<-- GET /wd/hub/session/8b84da37-68d2-4fc0-8c48-71f7689078c7/window/rect [39m[32m200[39m [90m7 ms - 50[39m
[38;5;0m[HTTP][0m [90m[39m
[38;5;0m[HTTP][0m [37m-->[39m [37mPOST[39m [37m/wd/hub/session/8b84da37-68d2-4fc0-8c48-71f7689078c7/elements[39m
[38;5;0m[HTTP][0m [90m{"using":"xpath","value":"//*[@class = 'android.widget.CheckBox' and (@text = 'Enable SMS broadcast receiver' or . = 'Enable SMS broadcast receiver') and @resource-id = 'io.appium.android.apis:id/sms_enable_receiver']"}[39m
[38;5;0m[HTTP][0m [37m<-- POST /wd/hub/session/8b84da37-68d2-4fc0-8c48-71f7689078c7/elements [39m[32m200[39m [90m178 ms - 139[39m
[38;5;0m[HTTP][0m [90m[39m
[38;5;0m[HTTP][0m [37m-->[39m [37mGET[39m [37m/wd/hub/session/8b84da37-68d2-4fc0-8c48-71f7689078c7/element/00000000-0000-59de-ffff-ffff00000079/location[39m
[38;5;0m[HTTP][0m [90m{}[39m
[38;5;48m[AndroidUiautomator2Driver@d350 (8b84da37)][0m Driver proxy active, passing request on via HTTP proxy
[38;5;48m[AndroidUiautomator2Driver@d350 (8b84da37)][0m Replacing sessionId c8fd2b36-58cd-4115-b6f3-fcaaddbd803e with 8b84da37-68d2-4fc0-8c48-71f7689078c7
[38;5;0m[HTTP][0m [37m<-- GET /wd/hub/session/8b84da37-68d2-4fc0-8c48-71f7689078c7/element/00000000-0000-59de-ffff-ffff00000079/location [39m[32m200[39m [90m19 ms - 77[39m
[38;5;0m[HTTP][0m [90m[39m
[38;5;0m[HTTP][0m [37m-->[39m [37mPOST[39m [37m/wd/hub/session/8b84da37-68d2-4fc0-8c48-71f7689078c7/element/00000000-0000-59de-ffff-ffff00000079/click[39m
[38;5;0m[HTTP][0m [90m{"id":"00000000-0000-59de-ffff-ffff00000079"}[39m
[38;5;0m[HTTP][0m [37m<-- POST /wd/hub/session/8b84da37-68d2-4fc0-8c48-71f7689078c7/element/00000000-0000-59de-ffff-ffff00000079/click [39m[32m200[39m [90m59 ms - 14[39m
[38;5;0m[HTTP][0m [90m[39m
[38;5;0m[HTTP][0m [37m-->[39m [37mGET[39m [37m/wd/hub/session/8b84da37-68d2-4fc0-8c48-71f7689078c7/source[39m
[38;5;0m[HTTP][0m [90m{}[39m
[38;5;48m[AndroidUiautomator2Driver@d350 (8b84da37)][0m Driver proxy active, passing request on via HTTP proxy
[38;5;48m[AndroidUiautomator2Driver@d350 (8b84da37)][0m Replacing sessionId c8fd2b36-58cd-4115-b6f3-fcaaddbd803e with 8b84da37-68d2-4fc0-8c48-71f7689078c7
[38;5;0m[HTTP][0m [37m<-- GET /wd/hub/session/8b84da37-68d2-4fc0-8c48-71f7689078c7/source [39m[32m200[39m [90m197 ms - 10074[39m
[38;5;0m[HTTP][0m [90m[39m
[38;5;0m[HTTP][0m [37m-->[39m [37mGET[39m [37m/wd/hub/session/8b84da37-68d2-4fc0-8c48-71f7689078c7/screenshot[39m
[38;5;0m[HTTP][0m [90m{}[39m
[38;5;0m[HTTP][0m [37m<-- GET /wd/hub/session/8b84da37-68d2-4fc0-8c48-71f7689078c7/screenshot [39m[32m200[39m [90m390 ms - 143436[39m
[38;5;0m[HTTP][0m [90m[39m
[38;5;0m[HTTP][0m [37m-->[39m [37mGET[39m [37m/wd/hub/session/8b84da37-68d2-4fc0-8c48-71f7689078c7/window/rect[39m
[38;5;0m[HTTP][0m [90m{}[39m
[38;5;0m[HTTP][0m [37m<-- GET /wd/hub/session/8b84da37-68d2-4fc0-8c48-71f7689078c7/window/rect [39m[32m200[39m [90m18 ms - 50[39m
[38;5;0m[HTTP][0m [90m[39m
[38;5;0m[HTTP][0m [37m-->[39m [37mPOST[39m [37m/wd/hub/session/8b84da37-68d2-4fc0-8c48-71f7689078c7/elements[39m
[38;5;0m[HTTP][0m [90m{"using":"xpath","value":"//*[@class = 'android.widget.CheckBox' and (@text = 'Enable SMS broadcast receiver' or . = 'Enable SMS broadcast receiver') and @resource-id = 'io.appium.android.apis:id/sms_enable_receiver']"}[39m
[38;5;0m[HTTP][0m [37m<-- POST /wd/hub/session/8b84da37-68d2-4fc0-8c48-71f7689078c7/elements [39m[32m200[39m [90m190 ms - 139[39m
[38;5;0m[HTTP][0m [90m[39m
[38;5;0m[HTTP][0m [37m-->[39m [37mGET[39m [37m/wd/hub/session/8b84da37-68d2-4fc0-8c48-71f7689078c7/element/00000000-0000-59de-ffff-ffff00000079/location[39m
[38;5;0m[HTTP][0m [90m{}[39m
[38;5;48m[AndroidUiautomator2Driver@d350 (8b84da37)][0m Driver proxy active, passing request on via HTTP proxy
[38;5;48m[AndroidUiautomator2Driver@d350 (8b84da37)][0m Replacing sessionId c8fd2b36-58cd-4115-b6f3-fcaaddbd803e with 8b84da37-68d2-4fc0-8c48-71f7689078c7
[38;5;0m[HTTP][0m [37m<-- GET /wd/hub/session/8b84da37-68d2-4fc0-8c48-71f7689078c7/element/00000000-0000-59de-ffff-ffff00000079/location [39m[32m200[39m [90m34 ms - 77[39m
[38;5;0m[HTTP][0m [90m[39m
[38;5;0m[HTTP][0m [37m-->[39m [37mPOST[39m [37m/wd/hub/session/8b84da37-68d2-4fc0-8c48-71f7689078c7/element/00000000-0000-59de-ffff-ffff00000079/click[39m
[38;5;0m[HTTP][0m [90m{"id":"00000000-0000-59de-ffff-ffff00000079"}[39m
[38;5;0m[HTTP][0m [37m<-- POST /wd/hub/session/8b84da37-68d2-4fc0-8c48-71f7689078c7/element/00000000-0000-59de-ffff-ffff00000079/click [39m[32m200[39m [90m89 ms - 14[39m
[38;5;0m[HTTP][0m [90m[39m
[38;5;0m[HTTP][0m [37m-->[39m [37mGET[39m [37m/wd/hub/session/8b84da37-68d2-4fc0-8c48-71f7689078c7/source[39m
[38;5;0m[HTTP][0m [90m{}[39m
[38;5;48m[AndroidUiautomator2Driver@d350 (8b84da37)][0m Driver proxy active, passing request on via HTTP proxy
[38;5;48m[AndroidUiautomator2Driver@d350 (8b84da37)][0m Replacing sessionId c8fd2b36-58cd-4115-b6f3-fcaaddbd803e with 8b84da37-68d2-4fc0-8c48-71f7689078c7
[38;5;0m[HTTP][0m [37m<-- GET /wd/hub/session/8b84da37-68d2-4fc0-8c48-71f7689078c7/source [39m[32m200[39m [90m246 ms - 10073[39m
[38;5;0m[HTTP][0m [90m[39m
[38;5;0m[HTTP][0m [37m-->[39m [37mGET[39m [37m/wd/hub/session/8b84da37-68d2-4fc0-8c48-71f7689078c7/screenshot[39m
[38;5;0m[HTTP][0m [90m{}[39m
[38;5;0m[HTTP][0m [37m<-- GET /wd/hub/session/8b84da37-68d2-4fc0-8c48-71f7689078c7/screenshot [39m[32m200[39m [90m411 ms - 143704[39m
[38;5;0m[HTTP][0m [90m[39m
[38;5;0m[HTTP][0m [37m-->[39m [37mPOST[39m [37m/wd/hub/session/8b84da37-68d2-4fc0-8c48-71f7689078c7/elements[39m
[38;5;0m[HTTP][0m [90m{"using":"xpath","value":"//*[@class = 'android.widget.EditText' and @resource-id = 'io.appium.android.apis:id/sms_recipient' and (@text = '' or . = '')]"}[39m
[38;5;0m[HTTP][0m [37m<-- POST /wd/hub/session/8b84da37-68d2-4fc0-8c48-71f7689078c7/elements [39m[32m200[39m [90m192 ms - 139[39m
[38;5;0m[HTTP][0m [90m[39m
[38;5;0m[HTTP][0m [37m-->[39m [37mGET[39m [37m/wd/hub/session/8b84da37-68d2-4fc0-8c48-71f7689078c7/window/rect[39m
[38;5;0m[HTTP][0m [90m{}[39m
[38;5;0m[HTTP][0m [37m<-- GET /wd/hub/session/8b84da37-68d2-4fc0-8c48-71f7689078c7/window/rect [39m[32m200[39m [90m15 ms - 50[39m
[38;5;0m[HTTP][0m [90m[39m
[38;5;0m[HTTP][0m [37m-->[39m [37mPOST[39m [37m/wd/hub/session/8b84da37-68d2-4fc0-8c48-71f7689078c7/elements[39m
[38;5;0m[HTTP][0m [90m{"using":"xpath","value":"//*[@class = 'android.widget.EditText' and @resource-id = 'io.appium.android.apis:id/sms_recipient' and (@text = '' or . = '')]"}[39m
[38;5;0m[HTTP][0m [37m<-- POST /wd/hub/session/8b84da37-68d2-4fc0-8c48-71f7689078c7/elements [39m[32m200[39m [90m191 ms - 139[39m
[38;5;0m[HTTP][0m [90m[39m
[38;5;0m[HTTP][0m [37m-->[39m [37mGET[39m [37m/wd/hub/session/8b84da37-68d2-4fc0-8c48-71f7689078c7/element/00000000-0000-59de-ffff-ffff0000007d/location[39m
[38;5;0m[HTTP][0m [90m{}[39m
[38;5;48m[AndroidUiautomator2Driver@d350 (8b84da37)][0m Driver proxy active, passing request on via HTTP proxy
[38;5;48m[AndroidUiautomator2Driver@d350 (8b84da37)][0m Replacing sessionId c8fd2b36-58cd-4115-b6f3-fcaaddbd803e with 8b84da37-68d2-4fc0-8c48-71f7689078c7
[38;5;0m[HTTP][0m [37m<-- GET /wd/hub/session/8b84da37-68d2-4fc0-8c48-71f7689078c7/element/00000000-0000-59de-ffff-ffff0000007d/location [39m[32m200[39m [90m22 ms - 78[39m
[38;5;0m[HTTP][0m [90m[39m
[38;5;0m[HTTP][0m [37m-->[39m [37mPOST[39m [37m/wd/hub/session/8b84da37-68d2-4fc0-8c48-71f7689078c7/element/00000000-0000-59de-ffff-ffff0000007d/clear[39m
[38;5;0m[HTTP][0m [90m{"id":"00000000-0000-59de-ffff-ffff0000007d"}[39m
[38;5;0m[HTTP][0m [37m<-- POST /wd/hub/session/8b84da37-68d2-4fc0-8c48-71f7689078c7/element/00000000-0000-59de-ffff-ffff0000007d/clear [39m[32m200[39m [90m49 ms - 14[39m
[38;5;0m[HTTP][0m [90m[39m
[38;5;0m[HTTP][0m [37m-->[39m [37mPOST[39m [37m/wd/hub/session/8b84da37-68d2-4fc0-8c48-71f7689078c7/element/00000000-0000-59de-ffff-ffff0000007d/click[39m
[38;5;0m[HTTP][0m [90m{"id":"00000000-0000-59de-ffff-ffff0000007d"}[39m
[38;5;0m[HTTP][0m [37m<-- POST /wd/hub/session/8b84da37-68d2-4fc0-8c48-71f7689078c7/element/00000000-0000-59de-ffff-ffff0000007d/click [39m[32m200[39m [90m1478 ms - 14[39m
[38;5;0m[HTTP][0m [90m[39m
[38;5;0m[HTTP][0m [37m-->[39m [37mPOST[39m [37m/wd/hub/session/8b84da37-68d2-4fc0-8c48-71f7689078c7/element/00000000-0000-59de-ffff-ffff0000007d/value[39m
[38;5;0m[HTTP][0m [90m{"id":"00000000-0000-59de-ffff-ffff0000007d","text":"123456789","value":["1","2","3","4","5","6","7","8","9"]}[39m
[38;5;0m[HTTP][0m [37m<-- POST /wd/hub/session/8b84da37-68d2-4fc0-8c48-71f7689078c7/element/00000000-0000-59de-ffff-ffff0000007d/value [39m[32m200[39m [90m95 ms - 14[39m
[38;5;0m[HTTP][0m [90m[39m
[38;5;0m[HTTP][0m [37m-->[39m [37mGET[39m [37m/wd/hub/session/8b84da37-68d2-4fc0-8c48-71f7689078c7/source[39m
[38;5;0m[HTTP][0m [90m{}[39m
[38;5;48m[AndroidUiautomator2Driver@d350 (8b84da37)][0m Driver proxy active, passing request on via HTTP proxy
[38;5;48m[AndroidUiautomator2Driver@d350 (8b84da37)][0m Replacing sessionId c8fd2b36-58cd-4115-b6f3-fcaaddbd803e with 8b84da37-68d2-4fc0-8c48-71f7689078c7
[38;5;0m[HTTP][0m [37m<-- GET /wd/hub/session/8b84da37-68d2-4fc0-8c48-71f7689078c7/source [39m[32m200[39m [90m226 ms - 9669[39m
[38;5;0m[HTTP][0m [90m[39m
[38;5;0m[HTTP][0m [37m-->[39m [37mGET[39m [37m/wd/hub/session/8b84da37-68d2-4fc0-8c48-71f7689078c7/screenshot[39m
[38;5;0m[HTTP][0m [90m{}[39m
[38;5;0m[HTTP][0m [37m<-- GET /wd/hub/session/8b84da37-68d2-4fc0-8c48-71f7689078c7/screenshot [39m[32m200[39m [90m446 ms - 376708[39m
[38;5;0m[HTTP][0m [90m[39m
[38;5;0m[HTTP][0m [37m-->[39m [37mPOST[39m [37m/wd/hub/session/8b84da37-68d2-4fc0-8c48-71f7689078c7/elements[39m
[38;5;0m[HTTP][0m [90m{"using":"xpath","value":"//*[@class = 'android.widget.EditText' and @resource-id = 'io.appium.android.apis:id/sms_content' and (@text = '' or . = '')]"}[39m
[38;5;0m[HTTP][0m [37m<-- POST /wd/hub/session/8b84da37-68d2-4fc0-8c48-71f7689078c7/elements [39m[32m200[39m [90m181 ms - 139[39m
[38;5;0m[HTTP][0m [90m[39m
[38;5;0m[HTTP][0m [37m-->[39m [37mGET[39m [37m/wd/hub/session/8b84da37-68d2-4fc0-8c48-71f7689078c7/window/rect[39m
[38;5;0m[HTTP][0m [90m{}[39m
[38;5;0m[HTTP][0m [37m<-- GET /wd/hub/session/8b84da37-68d2-4fc0-8c48-71f7689078c7/window/rect [39m[32m200[39m [90m8 ms - 50[39m
[38;5;0m[HTTP][0m [90m[39m
[38;5;0m[HTTP][0m [37m-->[39m [37mPOST[39m [37m/wd/hub/session/8b84da37-68d2-4fc0-8c48-71f7689078c7/elements[39m
[38;5;0m[HTTP][0m [90m{"using":"xpath","value":"//*[@class = 'android.widget.EditText' and @resource-id = 'io.appium.android.apis:id/sms_content' and (@text = '' or . = '')]"}[39m
[38;5;0m[HTTP][0m [37m<-- POST /wd/hub/session/8b84da37-68d2-4fc0-8c48-71f7689078c7/elements [39m[32m200[39m [90m106 ms - 139[39m
[38;5;0m[HTTP][0m [90m[39m
[38;5;0m[HTTP][0m [37m-->[39m [37mGET[39m [37m/wd/hub/session/8b84da37-68d2-4fc0-8c48-71f7689078c7/element/00000000-0000-59de-ffff-ffff00000080/location[39m
[38;5;0m[HTTP][0m [90m{}[39m
[38;5;48m[AndroidUiautomator2Driver@d350 (8b84da37)][0m Driver proxy active, passing request on via HTTP proxy
[38;5;48m[AndroidUiautomator2Driver@d350 (8b84da37)][0m Replacing sessionId c8fd2b36-58cd-4115-b6f3-fcaaddbd803e with 8b84da37-68d2-4fc0-8c48-71f7689078c7
[38;5;0m[HTTP][0m [37m<-- GET /wd/hub/session/8b84da37-68d2-4fc0-8c48-71f7689078c7/element/00000000-0000-59de-ffff-ffff00000080/location [39m[32m200[39m [90m40 ms - 78[39m
[38;5;0m[HTTP][0m [90m[39m
[38;5;0m[HTTP][0m [37m-->[39m [37mPOST[39m [37m/wd/hub/session/8b84da37-68d2-4fc0-8c48-71f7689078c7/element/00000000-0000-59de-ffff-ffff00000080/clear[39m
[38;5;0m[HTTP][0m [90m{"id":"00000000-0000-59de-ffff-ffff00000080"}[39m
[38;5;0m[HTTP][0m [37m<-- POST /wd/hub/session/8b84da37-68d2-4fc0-8c48-71f7689078c7/element/00000000-0000-59de-ffff-ffff00000080/clear [39m[32m200[39m [90m54 ms - 14[39m
[38;5;0m[HTTP][0m [90m[39m
[38;5;0m[HTTP][0m [37m-->[39m [37mPOST[39m [37m/wd/hub/session/8b84da37-68d2-4fc0-8c48-71f7689078c7/element/00000000-0000-59de-ffff-ffff00000080/click[39m
[38;5;0m[HTTP][0m [90m{"id":"00000000-0000-59de-ffff-ffff00000080"}[39m
[38;5;0m[HTTP][0m [37m<-- POST /wd/hub/session/8b84da37-68d2-4fc0-8c48-71f7689078c7/element/00000000-0000-59de-ffff-ffff00000080/click [39m[32m200[39m [90m542 ms - 14[39m
[38;5;0m[HTTP][0m [90m[39m
[38;5;0m[HTTP][0m [37m-->[39m [37mPOST[39m [37m/wd/hub/session/8b84da37-68d2-4fc0-8c48-71f7689078c7/element/00000000-0000-59de-ffff-ffff00000080/value[39m
[38;5;0m[HTTP][0m [90m{"id":"00000000-0000-59de-ffff-ffff00000080","text":"Ananta Khayana Putra","value":["A","n","a","n","t","a"," ","K","h","a","y","a","n","a"," ","P","u","t","r","a"]}[39m
[38;5;0m[HTTP][0m [37m<-- POST /wd/hub/session/8b84da37-68d2-4fc0-8c48-71f7689078c7/element/00000000-0000-59de-ffff-ffff00000080/value [39m[32m200[39m [90m669 ms - 14[39m
[38;5;0m[HTTP][0m [90m[39m
[38;5;0m[HTTP][0m [37m-->[39m [37mGET[39m [37m/wd/hub/session/8b84da37-68d2-4fc0-8c48-71f7689078c7/source[39m
[38;5;0m[HTTP][0m [90m{}[39m
[38;5;48m[AndroidUiautomator2Driver@d350 (8b84da37)][0m Driver proxy active, passing request on via HTTP proxy
[38;5;48m[AndroidUiautomator2Driver@d350 (8b84da37)][0m Replacing sessionId c8fd2b36-58cd-4115-b6f3-fcaaddbd803e with 8b84da37-68d2-4fc0-8c48-71f7689078c7
[38;5;0m[HTTP][0m [37m<-- GET /wd/hub/session/8b84da37-68d2-4fc0-8c48-71f7689078c7/source [39m[32m200[39m [90m213 ms - 9689[39m
[38;5;0m[HTTP][0m [90m[39m
[38;5;0m[HTTP][0m [37m-->[39m [37mGET[39m [37m/wd/hub/session/8b84da37-68d2-4fc0-8c48-71f7689078c7/screenshot[39m
[38;5;0m[HTTP][0m [90m{}[39m
[38;5;0m[HTTP][0m [37m<-- GET /wd/hub/session/8b84da37-68d2-4fc0-8c48-71f7689078c7/screenshot [39m[32m200[39m [90m468 ms - 386912[39m
[38;5;0m[HTTP][0m [90m[39m
[38;5;0m[HTTP][0m [37m-->[39m [37mDELETE[39m [37m/wd/hub/session/8b84da37-68d2-4fc0-8c48-71f7689078c7[39m
[38;5;0m[HTTP][0m [90m{}[39m
[38;5;16m[AppiumDriver@4df5][0m Removing session 8b84da37-68d2-4fc0-8c48-71f7689078c7 from our master session list
[38;5;48m[AndroidUiautomator2Driver@d350 (8b84da37)][0m Restoring hidden api policy to the device default configuration
[38;5;0m[HTTP][0m [37m<-- DELETE /wd/hub/session/8b84da37-68d2-4fc0-8c48-71f7689078c7 [39m[32m200[39m [90m425 ms - 14[39m
[38;5;0m[HTTP][0m [90m[39m
